<?xml version="1.0" encoding="UTF-8"?>
<!-- Generated by org.testng.reporters.JUnitReportReporter -->
<testsuite hostname="Radhagobinda" failures="0" tests="1" name="testscripts.tc5" time="39.960" errors="0" timestamp="2024-02-18T11:31:54 IST" skipped="0">
  <testcase classname="testscripts.tc5" name="tc5" time="39.960"/>
  <system-out>
    <![CDATA[SkillRary | Bangalore]]>
  </system-out>
</testsuite> <!-- testscripts.tc5 -->
