<?xml version="1.0" encoding="UTF-8"?>
<!-- Generated by org.testng.reporters.JUnitReportReporter -->
<testsuite hostname="Radhagobinda" failures="0" tests="1" name="testscripts.tc6" time="58.868" errors="0" timestamp="2024-02-18T11:31:54 IST" skipped="0">
  <testcase classname="testscripts.tc6" name="tc6" time="58.868"/>
  <system-out>
    <![CDATA[X]]>
  </system-out>
</testsuite> <!-- testscripts.tc6 -->
