<?xml version="1.0" encoding="UTF-8"?>
<!-- Generated by org.testng.reporters.JUnitReportReporter -->
<testsuite hostname="Radhagobinda" failures="0" tests="1" name="testscripts.tc4" time="25.738" errors="0" timestamp="2024-02-18T11:31:54 IST" skipped="0">
  <testcase classname="testscripts.tc4" name="test_tc4" time="25.738"/>
  <system-out>
    <![CDATA[SkillRary Courses]]>
  </system-out>
</testsuite> <!-- testscripts.tc4 -->
